/usr/pgsql-9.5/bin:/data/root/perl5/bin:/usr/pgsql-9.5/bin:/data/root/perl5/bin:/usr/local/sbin:/usr/local/bin:/usr/sbin:/usr/bin:/data/root/.cabal/bin:/data/root/bin:/data/root/bin:/opt/chromium-browser
ascii
CP 54321
CP 11111
http://172.17.42.1:15678/
[{"domain": ".wappass.baidu.com", "name": "BAIDU_WISE_UID", "expires": "\\u5468\\u4e8c, 03 9\\u6708 2024 09:21:49 GMT", "value": "wapp_1466155240839_407", "expiry": 1725355309, "path": "/", "httponly": false, "secure": false}, {"domain": "tieba.baidu.com", "name": "loginCk", "expires": "\\u5468\\u516d, 18 6\\u6708 2016 09:21:14 GMT", "value": "1", "expiry": 1466241674, "path": "/", "httponly": false, "secure": false}, {"domain": "tieba.baidu.com", "name": "index_cutoff_cover", "expires": "\\u5468\\u516d, 18 6\\u6708 2016 09:20:57 GMT", "value": "1", "expiry": 1466241657, "path": "/", "httponly": false, "secure": false}, {"domain": "tieba.baidu.com", "name": "CLIENTHEIGHT", "expires": "\\u5468\\u4e00, 12 6\\u6708 2017 09:20:57 GMT", "value": "568", "expiry": 1497259257, "path": "/", "httponly": false, "secure": false}, {"domain": "tieba.baidu.com", "name": "CLIENTWIDTH", "expires": "\\u5468\\u4e00, 12 6\\u6708 2017 09:20:57 GMT", "value": "320", "expiry": 1497259257, "path": "/", "httponly": false, "secure": false}, {"domain": ".baidu.com", "name": "BAIDUID", "expires": "\\u5468\\u516d, 17 6\\u6708 2017 09:20:41 GMT", "value": "87EB32A14881DAEF671B580DBA94B71B:FG=1", "expiry": 1497691241, "path": "/", "httponly": false, "secure": false}, {"domain": ".baidu.com", "name": "BAIDU_WISE_UID", "expires": "\\u5468\\u65e5, 10 6\\u6708 2046 09:20:40 GMT", "value": "wapp_1466155240839_407", "expiry": 2412235240, "path": "/", "httponly": false, "secure": false}, {"domain": ".tieba.baidu.com", "name": "IS_NEW_USER", "expires": "\\u5468\\u56db, 31 12\\u6708 2020 15:59:59 GMT", "value": "898e9f1e73a2e8624601e2ee", "expiry": 1609430399, "path": "/", "httponly": false, "secure": false}, {"domain": "tieba.baidu.com", "name": "mo_originid", "value": "2", "path": "/", "httponly": false, "secure": false}]
CP 22222
CP 37145
CP 37146
CP 34863
http://172.17.42.1:15678/
CP 34864
http://172.17.42.1:15678/
未登录成功，没有查询到用户
2016-06-17 17:39:49http%3A%2f%2ftieba.baidu.com%2f%3Fpage%3Duser.png
Traceback (most recent call last):
  File "open.py", line 200, in <module>
    wait.until(EC.presence_of_element_located((By.CLASS_NAME, 'user_info_name')))
  File "/usr/lib/python2.7/site-packages/selenium/webdriver/support/wait.py", line 80, in until
    raise TimeoutException(message, screen, stacktrace)
selenium.common.exceptions.TimeoutException: Message: 

