/usr/pgsql-9.5/bin:/data/root/perl5/bin:/usr/pgsql-9.5/bin:/data/root/perl5/bin:/usr/local/sbin:/usr/local/bin:/usr/sbin:/usr/bin:/data/root/.cabal/bin:/data/root/bin:/data/root/bin:/opt/chromium-browser
ascii
CP 54321
CP 11111
http://172.17.42.1:15678/
[{"domain": "pos.baidu.com", "name": "LDID", "expires": "\\u5468\\u4e8c, 05 3\\u6708 2019 10:54:38 GMT", "value": "BE8DE5EC0C4FF4128C743DCC362C6779:FG=1", "expiry": 1551783278, "path": "/", "httponly": false, "secure": false}, {"domain": ".cnzz.com", "name": "cna", "expires": "\\u5468\\u516d, 06 6\\u6708 2026 10:54:32 GMT", "value": "YOfeD4ELnWoCATookfYsR5h1", "expiry": 1780743272, "path": "/", "httponly": false, "secure": false}, {"domain": ".cnzz.mmstat.com", "name": "atpsida", "expires": "\\u5468\\u516d, 06 6\\u6708 2026 10:54:24 GMT", "value": "6c6383dd9fb22ba044c6d220_1465383264", "expiry": 1780743264, "path": "/", "httponly": false, "secure": false}, {"domain": ".cnzz.mmstat.com", "name": "sca", "value": "c89002d2", "path": "/", "httponly": false, "secure": false}, {"domain": ".mmstat.com", "name": "cna", "expires": "\\u5468\\u516d, 06 6\\u6708 2026 10:54:24 GMT", "value": "YOfeD4ELnWoCATookfYsR5h1", "expiry": 1780743264, "path": "/", "httponly": false, "secure": false}, {"domain": "news.766ba.net", "name": "CNZZDATA1259464672", "expires": "\\u5468\\u4e09, 07 12\\u6708 2016 10:54:07 GMT", "value": "1520628022-1465379927-http%253A%252F%252Ftieba.baidu.com%252F%7C1465379927", "expiry": 1481108047, "path": "/", "httponly": false, "secure": false}, {"domain": "news.766ba.net", "name": "JSESSIONID", "value": "AE572ED2DE7F86EA59FC2F380EE9467B", "path": "/", "httponly": false, "secure": false}, {"domain": ".baidu.com", "name": "BAIDUID", "expires": "\\u5468\\u56db, 08 6\\u6708 2017 10:53:23 GMT", "value": "C3A2F0936EE925E68C9B8EC24AF774C9:FG=1", "expiry": 1496919203, "path": "/", "httponly": false, "secure": false}, {"domain": ".tieba.baidu.com", "name": "TIEBA_USERTYPE", "expires": "\\u5468\\u56db, 31 12\\u6708 2020 15:59:59 GMT", "value": "54e32c68aad0660feb22cda6", "expiry": 1609430399, "path": "/", "httponly": false, "secure": false}, {"domain": ".tieba.baidu.com", "name": "TIEBAUID", "expires": "\\u5468\\u56db, 31 12\\u6708 2020 15:59:59 GMT", "value": "cb23caae14130a0d384a57f1", "expiry": 1609430399, "path": "/", "httponly": false, "secure": false}]
CP 22222
CP 37145
CP 37146
CP 34863
http://172.17.42.1:15678/
CP 34864
http://172.17.42.1:15678/
2016-06-15 20:23:04http%3A%2f%2ftieba.baidu.com%2f.png
Traceback (most recent call last):
  File "open.py", line 198, in <module>
    driver.find_element_by_link_text("我").click()
  File "/usr/lib/python2.7/site-packages/selenium/webdriver/remote/webdriver.py", line 314, in find_element_by_link_text
    return self.find_element(by=By.LINK_TEXT, value=link_text)
  File "/usr/lib/python2.7/site-packages/selenium/webdriver/remote/webdriver.py", line 744, in find_element
    {'using': by, 'value': value})['value']
  File "/usr/lib/python2.7/site-packages/selenium/webdriver/remote/webdriver.py", line 233, in execute
    self.error_handler.check_response(response)
  File "/usr/lib/python2.7/site-packages/selenium/webdriver/remote/errorhandler.py", line 194, in check_response
    raise exception_class(message, screen, stacktrace)
selenium.common.exceptions.NoSuchElementException: Message: no such element
  (Session info: chrome=38.0.2125.104)
  (Driver info: chromedriver=2.10,platform=Linux 3.10.0-123.4.4.el7.x86_64 x86_64)

