/usr/pgsql-9.5/bin:/data/root/perl5/bin:/usr/pgsql-9.5/bin:/data/root/perl5/bin:/usr/local/sbin:/usr/local/bin:/usr/sbin:/usr/bin:/data/root/.cabal/bin:/data/root/bin:/data/root/bin:/opt/chromium-browser
ascii
CP 54321
CP 11111
http://172.17.42.1:15678/
[{"domain": ".wappass.baidu.com", "name": "BAIDU_WISE_UID", "expires": "\\u5468\\u4e00, 26 8\\u6708 2024 12:36:23 GMT", "value": "wapp_1465475715102_270", "expiry": 1724675783, "path": "/", "httponly": false, "secure": false}, {"domain": "tieba.baidu.com", "name": "loginCk", "expires": "\\u5468\\u4e94, 10 6\\u6708 2016 12:35:45 GMT", "value": "1", "expiry": 1465562145, "path": "/", "httponly": false, "secure": false}, {"domain": "tieba.baidu.com", "name": "index_cutoff_cover", "expires": "\\u5468\\u4e94, 10 6\\u6708 2016 12:35:31 GMT", "value": "1", "expiry": 1465562131, "path": "/", "httponly": false, "secure": false}, {"domain": "tieba.baidu.com", "name": "CLIENTHEIGHT", "expires": "\\u5468\\u65e5, 04 6\\u6708 2017 12:35:30 GMT", "value": "568", "expiry": 1496579730, "path": "/", "httponly": false, "secure": false}, {"domain": "tieba.baidu.com", "name": "CLIENTWIDTH", "expires": "\\u5468\\u65e5, 04 6\\u6708 2017 12:35:30 GMT", "value": "320", "expiry": 1496579730, "path": "/", "httponly": false, "secure": false}, {"domain": ".baidu.com", "name": "BAIDUID", "expires": "\\u5468\\u4e94, 09 6\\u6708 2017 12:35:15 GMT", "value": "6FF830623F558ACAADAF693ADE5AF68F:FG=1", "expiry": 1497011715, "path": "/", "httponly": false, "secure": false}, {"domain": ".baidu.com", "name": "BAIDU_WISE_UID", "expires": "\\u5468\\u516d, 02 6\\u6708 2046 12:35:15 GMT", "value": "wapp_1465475715102_270", "expiry": 2411555715, "path": "/", "httponly": false, "secure": false}, {"domain": ".tieba.baidu.com", "name": "IS_NEW_USER", "expires": "\\u5468\\u56db, 31 12\\u6708 2020 15:59:59 GMT", "value": "737e8e0327401b11cc17734f", "expiry": 1609430399, "path": "/", "httponly": false, "secure": false}, {"domain": "tieba.baidu.com", "name": "mo_originid", "value": "2", "path": "/", "httponly": false, "secure": false}]
CP 22222
CP 37145
CP 37146
CP 34863
http://172.17.42.1:15678/
CP 34864
http://172.17.42.1:15678/
未登录成功，没有查询到用户
2016-06-15 20:05:59http%3A%2f%2ftieba.baidu.com%2f%3Fpage%3Duser.png
Traceback (most recent call last):
  File "open.py", line 200, in <module>
    wait.until(EC.presence_of_element_located((By.CLASS_NAME, 'user_info_name')))
  File "/usr/lib/python2.7/site-packages/selenium/webdriver/support/wait.py", line 80, in until
    raise TimeoutException(message, screen, stacktrace)
selenium.common.exceptions.TimeoutException: Message: 

