/usr/pgsql-9.5/bin:/data/root/perl5/bin:/usr/pgsql-9.5/bin:/data/root/perl5/bin:/usr/local/sbin:/usr/local/bin:/usr/sbin:/usr/bin:/data/root/.cabal/bin:/data/root/bin:/data/root/bin:/opt/chromium-browser
ascii
CP 54321
CP 11111
http://172.17.42.1:15678/
[{"domain": "pos.baidu.com", "name": "LDID", "expires": "\\u5468\\u65e5, 03 3\\u6708 2019 10:46:18 GMT", "value": "BE8DE5EC0C4FF4128C743DCC362C6779:FG=1", "expiry": 1551609978, "path": "/", "httponly": false, "secure": false}, {"domain": ".baidu.com", "name": "BAIDUID", "expires": "\\u5468\\u4e8c, 06 6\\u6708 2017 10:44:37 GMT", "value": "CF9674438F5BD8D66424DA85A92BF905:FG=1", "expiry": 1496745877, "path": "/", "httponly": false, "secure": false}, {"domain": ".tieba.baidu.com", "name": "TIEBA_USERTYPE", "expires": "\\u5468\\u56db, 31 12\\u6708 2020 15:59:59 GMT", "value": "8b7f763fa373f2db9f1ffd5d", "expiry": 1609430399, "path": "/", "httponly": false, "secure": false}, {"domain": ".tieba.baidu.com", "name": "TIEBAUID", "expires": "\\u5468\\u56db, 31 12\\u6708 2020 15:59:59 GMT", "value": "cb23caae14130a0d384a57f1", "expiry": 1609430399, "path": "/", "httponly": false, "secure": false}]
CP 22222
CP 37145
CP 37146
2016-06-15 13:42:42data%3Atext%2fhtml%2Cchromewebdata.png
Traceback (most recent call last):
  File "open.py", line 177, in <module>
    driver.add_cookie({'name':name, 'value':value})
  File "/usr/lib/python2.7/site-packages/selenium/webdriver/remote/webdriver.py", line 666, in add_cookie
    self.execute(Command.ADD_COOKIE, {'cookie': cookie_dict})
  File "/usr/lib/python2.7/site-packages/selenium/webdriver/remote/webdriver.py", line 233, in execute
    self.error_handler.check_response(response)
  File "/usr/lib/python2.7/site-packages/selenium/webdriver/remote/errorhandler.py", line 194, in check_response
    raise exception_class(message, screen, stacktrace)
selenium.common.exceptions.WebDriverException: Message: <unknown>: Failed to set the 'cookie' property on 'Document': Cookies are disabled inside 'data:' URLs.
  (Session info: chrome=38.0.2125.104)
  (Driver info: chromedriver=2.10,platform=Linux 3.10.0-123.4.4.el7.x86_64 x86_64)

