/usr/pgsql-9.5/bin:/data/root/perl5/bin:/usr/pgsql-9.5/bin:/data/root/perl5/bin:/usr/local/sbin:/usr/local/bin:/usr/sbin:/usr/bin:/data/root/.cabal/bin:/data/root/bin:/data/root/bin:/opt/chromium-browser
ascii
CP 54321
CP 11111
http://172.17.42.1:15678/
[{"domain": ".wappass.baidu.com", "name": "BAIDU_WISE_UID", "expires": "\\u5468\\u4e94, 23 8\\u6708 2024 12:01:00 GMT", "value": "wapp_1465212522170_31", "expiry": 1724414460, "path": "/", "httponly": false, "secure": false}, {"domain": "tieba.baidu.com", "name": "loginCk", "expires": "\\u5468\\u4e8c, 07 6\\u6708 2016 11:29:13 GMT", "value": "1", "expiry": 1465298953, "path": "/", "httponly": false, "secure": false}, {"domain": "tieba.baidu.com", "name": "index_cutoff_cover", "expires": "\\u5468\\u4e8c, 07 6\\u6708 2016 11:28:58 GMT", "value": "1", "expiry": 1465298938, "path": "/", "httponly": false, "secure": false}, {"domain": "tieba.baidu.com", "name": "CLIENTHEIGHT", "expires": "\\u5468\\u56db, 01 6\\u6708 2017 11:28:58 GMT", "value": "568", "expiry": 1496316538, "path": "/", "httponly": false, "secure": false}, {"domain": "tieba.baidu.com", "name": "CLIENTWIDTH", "expires": "\\u5468\\u56db, 01 6\\u6708 2017 11:28:58 GMT", "value": "320", "expiry": 1496316538, "path": "/", "httponly": false, "secure": false}, {"domain": ".baidu.com", "name": "BAIDUID", "expires": "\\u5468\\u4e8c, 06 6\\u6708 2017 11:28:42 GMT", "value": "5F839C154BDB59E4829D85F63473B4BF:FG=1", "expiry": 1496748522, "path": "/", "httponly": false, "secure": false}, {"domain": ".baidu.com", "name": "BAIDU_WISE_UID", "expires": "\\u5468\\u4e09, 30 5\\u6708 2046 11:28:42 GMT", "value": "wapp_1465212522170_31", "expiry": 2411292522, "path": "/", "httponly": false, "secure": false}, {"domain": ".tieba.baidu.com", "name": "IS_NEW_USER", "expires": "\\u5468\\u56db, 31 12\\u6708 2020 15:59:59 GMT", "value": "186587002618f78d2ed8164b", "expiry": 1609430399, "path": "/", "httponly": false, "secure": false}, {"domain": "tieba.baidu.com", "name": "mo_originid", "value": "2", "path": "/", "httponly": false, "secure": false}]
CP 22222
CP 37145
CP 37146
2016-06-15 13:28:50data%3Atext%2fhtml%2Cchromewebdata.png
Traceback (most recent call last):
  File "open.py", line 177, in <module>
    driver.add_cookie({'name':name, 'value':value})
  File "/usr/lib/python2.7/site-packages/selenium/webdriver/remote/webdriver.py", line 666, in add_cookie
    self.execute(Command.ADD_COOKIE, {'cookie': cookie_dict})
  File "/usr/lib/python2.7/site-packages/selenium/webdriver/remote/webdriver.py", line 233, in execute
    self.error_handler.check_response(response)
  File "/usr/lib/python2.7/site-packages/selenium/webdriver/remote/errorhandler.py", line 194, in check_response
    raise exception_class(message, screen, stacktrace)
selenium.common.exceptions.WebDriverException: Message: <unknown>: Failed to set the 'cookie' property on 'Document': Cookies are disabled inside 'data:' URLs.
  (Session info: chrome=38.0.2125.104)
  (Driver info: chromedriver=2.10,platform=Linux 3.10.0-123.4.4.el7.x86_64 x86_64)

