/usr/pgsql-9.5/bin:/data/root/perl5/bin:/usr/pgsql-9.5/bin:/data/root/perl5/bin:/usr/local/sbin:/usr/local/bin:/usr/sbin:/usr/bin:/data/root/.cabal/bin:/data/root/bin:/data/root/bin:/opt/chromium-browser
ascii
CP 54321
CP 11111
http://172.17.42.1:15678/
[{"domain": ".cnzz.com", "name": "cna", "expires": "\\u5468\\u516d, 06 6\\u6708 2026 07:46:38 GMT", "value": "VrveDww5OxoCAd5FeETdOnl1", "expiry": 1780731998, "path": "/", "httponly": false, "secure": false}, {"domain": ".cnzz.mmstat.com", "name": "atpsida", "expires": "\\u5468\\u516d, 06 6\\u6708 2026 07:46:30 GMT", "value": "62c0c8c533dde426275ddb0e_1465371990", "expiry": 1780731990, "path": "/", "httponly": false, "secure": false}, {"domain": ".cnzz.mmstat.com", "name": "sca", "value": "1cee7fa6", "path": "/", "httponly": false, "secure": false}, {"domain": ".mmstat.com", "name": "cna", "expires": "\\u5468\\u516d, 06 6\\u6708 2026 07:46:30 GMT", "value": "VrveDww5OxoCAd5FeETdOnl1", "expiry": 1780731990, "path": "/", "httponly": false, "secure": false}, {"domain": "news.766ba.net", "name": "CNZZDATA1259464672", "expires": "\\u5468\\u4e09, 07 12\\u6708 2016 07:46:13 GMT", "value": "427489281-1465371010-http%253A%252F%252Ftieba.baidu.com%252F%7C1465371010", "expiry": 1481096773, "path": "/", "httponly": false, "secure": false}, {"domain": "news.766ba.net", "name": "JSESSIONID", "value": "B037926B38021844F8EDD559BDF088C1", "path": "/", "httponly": false, "secure": false}, {"domain": "tieba.baidu.com", "name": "index_cutoff_cover", "expires": "\\u5468\\u56db, 09 6\\u6708 2016 07:45:39 GMT", "value": "1", "expiry": 1465458339, "path": "/", "httponly": false, "secure": false}, {"domain": "tieba.baidu.com", "name": "CLIENTHEIGHT", "expires": "\\u5468\\u516d, 03 6\\u6708 2017 07:45:37 GMT", "value": "568", "expiry": 1496475937, "path": "/", "httponly": false, "secure": false}, {"domain": "tieba.baidu.com", "name": "CLIENTWIDTH", "expires": "\\u5468\\u516d, 03 6\\u6708 2017 07:45:37 GMT", "value": "320", "expiry": 1496475937, "path": "/", "httponly": false, "secure": false}, {"domain": ".baidu.com", "name": "BAIDUID", "expires": "\\u5468\\u56db, 08 6\\u6708 2017 07:45:21 GMT", "value": "67354160231B390608347480027E773D:FG=1", "expiry": 1496907921, "path": "/", "httponly": false, "secure": false}, {"domain": ".baidu.com", "name": "BAIDU_WISE_UID", "expires": "\\u5468\\u4e94, 01 6\\u6708 2046 07:45:21 GMT", "value": "wapp_1465371921206_159", "expiry": 2411451921, "path": "/", "httponly": false, "secure": false}, {"domain": ".tieba.baidu.com", "name": "IS_NEW_USER", "expires": "\\u5468\\u56db, 31 12\\u6708 2020 15:59:59 GMT", "value": "91d9d8a26fb12168b727ffda", "expiry": 1609430399, "path": "/", "httponly": false, "secure": false}, {"domain": "tieba.baidu.com", "name": "mo_originid", "value": "2", "path": "/", "httponly": false, "secure": false}]
CP 22222
CP 37145
CP 37146
CP 34863
http://172.17.42.1:15678/
CP 34864
http://172.17.42.1:15678/
未登录成功，没有查询到用户
2016-06-15 16:35:18http%3A%2f%2ftieba.baidu.com%2f%3Fpage%3Duser.png
Traceback (most recent call last):
  File "open.py", line 200, in <module>
    wait.until(EC.presence_of_element_located((By.CLASS_NAME, 'user_info_name')))
  File "/usr/lib/python2.7/site-packages/selenium/webdriver/support/wait.py", line 80, in until
    raise TimeoutException(message, screen, stacktrace)
selenium.common.exceptions.TimeoutException: Message: 

