/usr/pgsql-9.5/bin:/data/root/perl5/bin:/usr/pgsql-9.5/bin:/data/root/perl5/bin:/usr/local/sbin:/usr/local/bin:/usr/sbin:/usr/bin:/data/root/.cabal/bin:/data/root/bin:/data/root/bin:/opt/chromium-browser
ascii
CP 54321
CP 11111
http://172.17.42.1:15678/
[{"domain": ".wappass.baidu.com", "name": "Hm_lpvt_294dbbdeb1fabbed8433533a3564560e", "value": "1465563425", "path": "/", "httponly": false, "secure": false}, {"domain": ".wappass.baidu.com", "name": "Hm_lvt_294dbbdeb1fabbed8433533a3564560e", "expires": "\\u5468\\u516d, 10 6\\u6708 2017 12:57:04 GMT", "value": "1465562951,1465563056,1465563415,1465563425", "expiry": 1497099424, "path": "/", "httponly": false, "secure": false}, {"domain": ".hm.baidu.com", "name": "HMACCOUNT", "expires": "\\u5468\\u4e00, 18 1\\u6708 2038 00:00:00 GMT", "value": "13259B1A8B3F4839", "expiry": 2147385600, "path": "/", "httponly": false, "secure": false}, {"domain": ".wappass.baidu.com", "name": "BAIDU_WISE_UID", "expires": "\\u5468\\u4e8c, 27 8\\u6708 2024 12:56:28 GMT", "value": "wapp_1465563339965_566", "expiry": 1724763388, "path": "/", "httponly": false, "secure": false}, {"domain": "tieba.baidu.com", "name": "loginCk", "expires": "\\u5468\\u516d, 11 6\\u6708 2016 12:56:11 GMT", "value": "1", "expiry": 1465649771, "path": "/", "httponly": false, "secure": false}, {"domain": "tieba.baidu.com", "name": "index_cutoff_cover", "expires": "\\u5468\\u516d, 11 6\\u6708 2016 12:55:55 GMT", "value": "1", "expiry": 1465649755, "path": "/", "httponly": false, "secure": false}, {"domain": "tieba.baidu.com", "name": "CLIENTHEIGHT", "expires": "\\u5468\\u4e00, 05 6\\u6708 2017 12:55:55 GMT", "value": "568", "expiry": 1496667355, "path": "/", "httponly": false, "secure": false}, {"domain": "tieba.baidu.com", "name": "CLIENTWIDTH", "expires": "\\u5468\\u4e00, 05 6\\u6708 2017 12:55:55 GMT", "value": "320", "expiry": 1496667355, "path": "/", "httponly": false, "secure": false}, {"domain": ".baidu.com", "name": "BAIDUID", "expires": "\\u5468\\u516d, 10 6\\u6708 2017 12:55:40 GMT", "value": "DF15069E6C878FD3565B240FA850DE2B:FG=1", "expiry": 1497099340, "path": "/", "httponly": false, "secure": false}, {"domain": ".baidu.com", "name": "BAIDU_WISE_UID", "expires": "\\u5468\\u65e5, 03 6\\u6708 2046 12:55:39 GMT", "value": "wapp_1465563339965_566", "expiry": 2411643339, "path": "/", "httponly": false, "secure": false}, {"domain": ".tieba.baidu.com", "name": "IS_NEW_USER", "expires": "\\u5468\\u56db, 31 12\\u6708 2020 15:59:59 GMT", "value": "d4a1970190f313a373fdb8e6", "expiry": 1609430399, "path": "/", "httponly": false, "secure": false}, {"domain": "tieba.baidu.com", "name": "mo_originid", "value": "2", "path": "/", "httponly": false, "secure": false}]
CP 22222
CP 37145
2016-06-15 19:57:50http%3A%2f%2ftieba.baidu.com%2f.png
Traceback (most recent call last):
  File "open.py", line 168, in <module>
    driver.get('http://tieba.baidu.com')
  File "/usr/lib/python2.7/site-packages/selenium/webdriver/remote/webdriver.py", line 245, in get
    self.execute(Command.GET, {'url': url})
  File "/usr/lib/python2.7/site-packages/selenium/webdriver/remote/webdriver.py", line 233, in execute
    self.error_handler.check_response(response)
  File "/usr/lib/python2.7/site-packages/selenium/webdriver/remote/errorhandler.py", line 194, in check_response
    raise exception_class(message, screen, stacktrace)
selenium.common.exceptions.TimeoutException: Message: timeout: Timed out receiving message from renderer: 244.913
  (Session info: chrome=38.0.2125.104)
  (Driver info: chromedriver=2.10,platform=Linux 3.10.0-123.4.4.el7.x86_64 x86_64)

