/usr/pgsql-9.5/bin:/data/root/perl5/bin:/usr/pgsql-9.5/bin:/data/root/perl5/bin:/usr/local/sbin:/usr/local/bin:/usr/sbin:/usr/bin:/data/root/.cabal/bin:/data/root/bin:/data/root/bin:/opt/chromium-browser
ascii
CP 54321
CP 11111
http://172.17.42.1:15678/
[{"domain": ".wappass.baidu.com", "name": "BAIDU_WISE_UID", "expires": "\\u5468\\u4e94, 30 8\\u6708 2024 10:54:17 GMT", "value": "wapp_1465815202321_806", "expiry": 1725015257, "path": "/", "httponly": false, "secure": false}, {"domain": "tieba.baidu.com", "name": "loginCk", "expires": "\\u5468\\u4e8c, 14 6\\u6708 2016 10:53:59 GMT", "value": "1", "expiry": 1465901639, "path": "/", "httponly": false, "secure": false}, {"domain": "tieba.baidu.com", "name": "index_cutoff_cover", "expires": "\\u5468\\u4e8c, 14 6\\u6708 2016 10:53:40 GMT", "value": "1", "expiry": 1465901620, "path": "/", "httponly": false, "secure": false}, {"domain": "tieba.baidu.com", "name": "CLIENTHEIGHT", "expires": "\\u5468\\u56db, 08 6\\u6708 2017 10:53:40 GMT", "value": "568", "expiry": 1496919220, "path": "/", "httponly": false, "secure": false}, {"domain": "tieba.baidu.com", "name": "CLIENTWIDTH", "expires": "\\u5468\\u56db, 08 6\\u6708 2017 10:53:40 GMT", "value": "320", "expiry": 1496919220, "path": "/", "httponly": false, "secure": false}, {"domain": ".baidu.com", "name": "BAIDUID", "expires": "\\u5468\\u4e8c, 13 6\\u6708 2017 10:53:22 GMT", "value": "E04E1C8E407C17DC3A03EFCF6BDA42EF:FG=1", "expiry": 1497351202, "path": "/", "httponly": false, "secure": false}, {"domain": ".baidu.com", "name": "BAIDU_WISE_UID", "expires": "\\u5468\\u4e09, 06 6\\u6708 2046 10:53:22 GMT", "value": "wapp_1465815202321_806", "expiry": 2411895202, "path": "/", "httponly": false, "secure": false}, {"domain": ".tieba.baidu.com", "name": "IS_NEW_USER", "expires": "\\u5468\\u56db, 31 12\\u6708 2020 15:59:59 GMT", "value": "cb23caaeb683545a384a5719", "expiry": 1609430399, "path": "/", "httponly": false, "secure": false}, {"domain": "tieba.baidu.com", "name": "mo_originid", "value": "2", "path": "/", "httponly": false, "secure": false}]
CP 22222
CP 37145
2016-06-15 19:54:16http%3A%2f%2ftieba.baidu.com%2f%3Fpage%3Ddiscovery.png
Traceback (most recent call last):
  File "open.py", line 168, in <module>
    driver.get('http://tieba.baidu.com')
  File "/usr/lib/python2.7/site-packages/selenium/webdriver/remote/webdriver.py", line 245, in get
    self.execute(Command.GET, {'url': url})
  File "/usr/lib/python2.7/site-packages/selenium/webdriver/remote/webdriver.py", line 233, in execute
    self.error_handler.check_response(response)
  File "/usr/lib/python2.7/site-packages/selenium/webdriver/remote/errorhandler.py", line 194, in check_response
    raise exception_class(message, screen, stacktrace)
selenium.common.exceptions.TimeoutException: Message: timeout: Timed out receiving message from renderer: 267.613
  (Session info: chrome=38.0.2125.104)
  (Driver info: chromedriver=2.10,platform=Linux 3.10.0-123.4.4.el7.x86_64 x86_64)

