/usr/pgsql-9.5/bin:/data/root/perl5/bin:/usr/pgsql-9.5/bin:/data/root/perl5/bin:/usr/local/sbin:/usr/local/bin:/usr/sbin:/usr/bin:/data/root/.cabal/bin:/data/root/bin:/data/root/bin:/opt/chromium-browser
ascii
CP 54321
CP 11111
http://172.17.42.1:15678/
[{"domain": ".cnzz.com", "name": "cna", "expires": "\\u5468\\u516d, 06 6\\u6708 2026 16:18:39 GMT", "value": "VzPfDxycKjgCAXJSe/ONiDRU", "expiry": 1780762719, "path": "/", "httponly": false, "secure": false}, {"domain": ".cnzz.mmstat.com", "name": "atpsida", "expires": "\\u5468\\u516d, 06 6\\u6708 2026 16:18:31 GMT", "value": "ec084dadcac7b87047029443_1465402711", "expiry": 1780762711, "path": "/", "httponly": false, "secure": false}, {"domain": ".cnzz.mmstat.com", "name": "sca", "value": "2ca2a405", "path": "/", "httponly": false, "secure": false}, {"domain": ".mmstat.com", "name": "cna", "expires": "\\u5468\\u516d, 06 6\\u6708 2026 16:18:31 GMT", "value": "VzPfDxycKjgCAXJSe/ONiDRU", "expiry": 1780762711, "path": "/", "httponly": false, "secure": false}, {"domain": "news.766ba.net", "name": "CNZZDATA1259464672", "expires": "\\u5468\\u4e09, 07 12\\u6708 2016 16:17:55 GMT", "value": "270293754-1465398448-http%253A%252F%252Ftieba.baidu.com%252F%7C1465398448", "expiry": 1481127475, "path": "/", "httponly": false, "secure": false}, {"domain": "news.766ba.net", "name": "JSESSIONID", "value": "50F51F521904CB84B29C44B5CD3D2883", "path": "/", "httponly": false, "secure": false}, {"domain": "tieba.baidu.com", "name": "index_cutoff_cover", "expires": "\\u5468\\u56db, 09 6\\u6708 2016 16:16:52 GMT", "value": "1", "expiry": 1465489012, "path": "/", "httponly": false, "secure": false}, {"domain": "tieba.baidu.com", "name": "CLIENTHEIGHT", "expires": "\\u5468\\u516d, 03 6\\u6708 2017 16:16:52 GMT", "value": "568", "expiry": 1496506612, "path": "/", "httponly": false, "secure": false}, {"domain": "tieba.baidu.com", "name": "CLIENTWIDTH", "expires": "\\u5468\\u516d, 03 6\\u6708 2017 16:16:52 GMT", "value": "320", "expiry": 1496506612, "path": "/", "httponly": false, "secure": false}, {"domain": ".baidu.com", "name": "BAIDUID", "expires": "\\u5468\\u56db, 08 6\\u6708 2017 16:16:36 GMT", "value": "F639D319C64D7184465639917F26A89C:FG=1", "expiry": 1496938596, "path": "/", "httponly": false, "secure": false}, {"domain": ".baidu.com", "name": "BAIDU_WISE_UID", "expires": "\\u5468\\u4e94, 01 6\\u6708 2046 16:16:36 GMT", "value": "wapp_1465402596337_853", "expiry": 2411482596, "path": "/", "httponly": false, "secure": false}, {"domain": ".tieba.baidu.com", "name": "IS_NEW_USER", "expires": "\\u5468\\u56db, 31 12\\u6708 2020 15:59:59 GMT", "value": "e7d5aa4ebfa58881d6d49352", "expiry": 1609430399, "path": "/", "httponly": false, "secure": false}, {"domain": "tieba.baidu.com", "name": "mo_originid", "value": "2", "path": "/", "httponly": false, "secure": false}]
CP 22222
CP 37145
CP 37146
CP 34863
http://172.17.42.1:15678/
CP 34864
http://172.17.42.1:15678/
未登录成功，没有查询到用户
2016-06-15 20:12:24http%3A%2f%2ftieba.baidu.com%2f%3Fpage%3Duser.png
Traceback (most recent call last):
  File "open.py", line 200, in <module>
    wait.until(EC.presence_of_element_located((By.CLASS_NAME, 'user_info_name')))
  File "/usr/lib/python2.7/site-packages/selenium/webdriver/support/wait.py", line 80, in until
    raise TimeoutException(message, screen, stacktrace)
selenium.common.exceptions.TimeoutException: Message: 

