/usr/pgsql-9.5/bin:/data/root/perl5/bin:/usr/pgsql-9.5/bin:/data/root/perl5/bin:/usr/local/sbin:/usr/local/bin:/usr/sbin:/usr/bin:/data/root/.cabal/bin:/data/root/bin:/data/root/bin:/opt/chromium-browser
ascii
CP 54321
CP 11111
http://172.17.42.1:15678/
[{"domain": ".wappass.baidu.com", "name": "Hm_lpvt_294dbbdeb1fabbed8433533a3564560e", "value": "1465384528", "path": "/", "httponly": false, "secure": false}, {"domain": ".wappass.baidu.com", "name": "Hm_lvt_294dbbdeb1fabbed8433533a3564560e", "expires": "\\u5468\\u56db, 08 6\\u6708 2017 11:15:28 GMT", "value": "1465383887,1465384310,1465384420,1465384528", "expiry": 1496920528, "path": "/", "httponly": false, "secure": false}, {"domain": ".hm.baidu.com", "name": "HMACCOUNT", "expires": "\\u5468\\u4e00, 18 1\\u6708 2038 00:00:00 GMT", "value": "D31D311276AE825A", "expiry": 2147385600, "path": "/", "httponly": false, "secure": false}, {"domain": ".wappass.baidu.com", "name": "BAIDU_WISE_UID", "expires": "\\u5468\\u65e5, 25 8\\u6708 2024 11:14:56 GMT", "value": "wapp_1465384444506_283", "expiry": 1724584496, "path": "/", "httponly": false, "secure": false}, {"domain": "tieba.baidu.com", "name": "loginCk", "expires": "\\u5468\\u56db, 09 6\\u6708 2016 11:14:38 GMT", "value": "1", "expiry": 1465470878, "path": "/", "httponly": false, "secure": false}, {"domain": "tieba.baidu.com", "name": "index_cutoff_cover", "expires": "\\u5468\\u56db, 09 6\\u6708 2016 11:14:20 GMT", "value": "1", "expiry": 1465470860, "path": "/", "httponly": false, "secure": false}, {"domain": "tieba.baidu.com", "name": "CLIENTHEIGHT", "expires": "\\u5468\\u516d, 03 6\\u6708 2017 11:14:20 GMT", "value": "568", "expiry": 1496488460, "path": "/", "httponly": false, "secure": false}, {"domain": "tieba.baidu.com", "name": "CLIENTWIDTH", "expires": "\\u5468\\u516d, 03 6\\u6708 2017 11:14:20 GMT", "value": "320", "expiry": 1496488460, "path": "/", "httponly": false, "secure": false}, {"domain": ".baidu.com", "name": "BAIDUID", "expires": "\\u5468\\u56db, 08 6\\u6708 2017 11:14:04 GMT", "value": "919BBE76A6F1593DF75B5B7AE8983B43:FG=1", "expiry": 1496920444, "path": "/", "httponly": false, "secure": false}, {"domain": ".baidu.com", "name": "BAIDU_WISE_UID", "expires": "\\u5468\\u4e94, 01 6\\u6708 2046 11:14:04 GMT", "value": "wapp_1465384444506_283", "expiry": 2411464444, "path": "/", "httponly": false, "secure": false}, {"domain": ".tieba.baidu.com", "name": "IS_NEW_USER", "expires": "\\u5468\\u56db, 31 12\\u6708 2020 15:59:59 GMT", "value": "d2f4fc2aebc36ea49021eaab", "expiry": 1609430399, "path": "/", "httponly": false, "secure": false}, {"domain": "tieba.baidu.com", "name": "mo_originid", "value": "2", "path": "/", "httponly": false, "secure": false}]
CP 22222
CP 37145
CP 37146
CP 34863
http://172.17.42.1:15678/
CP 34864
http://172.17.42.1:15678/
未登录成功，没有查询到用户
2016-06-15 20:19:45http%3A%2f%2ftieba.baidu.com%2f%3Fpage%3Duser.png
Traceback (most recent call last):
  File "open.py", line 200, in <module>
    wait.until(EC.presence_of_element_located((By.CLASS_NAME, 'user_info_name')))
  File "/usr/lib/python2.7/site-packages/selenium/webdriver/support/wait.py", line 80, in until
    raise TimeoutException(message, screen, stacktrace)
selenium.common.exceptions.TimeoutException: Message: 

