/usr/pgsql-9.5/bin:/data/root/perl5/bin:/usr/pgsql-9.5/bin:/data/root/perl5/bin:/usr/local/sbin:/usr/local/bin:/usr/sbin:/usr/bin:/data/root/.cabal/bin:/data/root/bin:/data/root/bin:/opt/chromium-browser
ascii
CP 54321
CP 11111
http://172.17.42.1:15678/
[{"domain": ".wappass.baidu.com", "name": "BAIDU_WISE_UID", "expires": "\\u5468\\u4e94, 23 8\\u6708 2024 16:01:00 GMT", "value": "wapp_1465226874640_398", "expiry": 1724428860, "path": "/", "httponly": false, "secure": false}, {"domain": "tieba.baidu.com", "name": "loginCk", "expires": "\\u5468\\u4e8c, 07 6\\u6708 2016 15:28:23 GMT", "value": "1", "expiry": 1465313303, "path": "/", "httponly": false, "secure": false}, {"domain": "tieba.baidu.com", "name": "index_cutoff_cover", "expires": "\\u5468\\u4e8c, 07 6\\u6708 2016 15:28:10 GMT", "value": "1", "expiry": 1465313290, "path": "/", "httponly": false, "secure": false}, {"domain": "tieba.baidu.com", "name": "CLIENTHEIGHT", "expires": "\\u5468\\u56db, 01 6\\u6708 2017 15:28:09 GMT", "value": "568", "expiry": 1496330889, "path": "/", "httponly": false, "secure": false}, {"domain": "tieba.baidu.com", "name": "CLIENTWIDTH", "expires": "\\u5468\\u56db, 01 6\\u6708 2017 15:28:09 GMT", "value": "320", "expiry": 1496330889, "path": "/", "httponly": false, "secure": false}, {"domain": ".baidu.com", "name": "BAIDUID", "expires": "\\u5468\\u4e8c, 06 6\\u6708 2017 15:27:54 GMT", "value": "32BC607A4DC5973CAF9E506D06BA6D3B:FG=1", "expiry": 1496762874, "path": "/", "httponly": false, "secure": false}, {"domain": ".baidu.com", "name": "BAIDU_WISE_UID", "expires": "\\u5468\\u4e09, 30 5\\u6708 2046 15:27:54 GMT", "value": "wapp_1465226874640_398", "expiry": 2411306874, "path": "/", "httponly": false, "secure": false}, {"domain": ".tieba.baidu.com", "name": "IS_NEW_USER", "expires": "\\u5468\\u56db, 31 12\\u6708 2020 15:59:59 GMT", "value": "d8f5232b6909e7b6f74f6603", "expiry": 1609430399, "path": "/", "httponly": false, "secure": false}, {"domain": "tieba.baidu.com", "name": "mo_originid", "value": "2", "path": "/", "httponly": false, "secure": false}]
CP 22222
CP 37145
2016-06-15 17:25:14http%3A%2f%2ftieba.baidu.com%2f%3Fpage%3Ddiscovery.png
Traceback (most recent call last):
  File "open.py", line 168, in <module>
    driver.get('http://tieba.baidu.com')
  File "/usr/lib/python2.7/site-packages/selenium/webdriver/remote/webdriver.py", line 245, in get
    self.execute(Command.GET, {'url': url})
  File "/usr/lib/python2.7/site-packages/selenium/webdriver/remote/webdriver.py", line 233, in execute
    self.error_handler.check_response(response)
  File "/usr/lib/python2.7/site-packages/selenium/webdriver/remote/errorhandler.py", line 194, in check_response
    raise exception_class(message, screen, stacktrace)
selenium.common.exceptions.TimeoutException: Message: timeout: Timed out receiving message from renderer: 224.386
  (Session info: chrome=38.0.2125.104)
  (Driver info: chromedriver=2.10,platform=Linux 3.10.0-123.4.4.el7.x86_64 x86_64)

