[
	" s4",
	"Thu Jun  2 11:16:52 CST 2016",
	"<html>",
	"<meta http-equiv=\"refresh\" content=\"0;url=http://www.baidu.com/\">",
	"</html>",
	{
		"网络属性": "普通宽带",
		"时间": "2016-06-02T11:17:08+0800",
		"运营商": "电信",
		"IP": "222.69.80.229",
		"网络位置": "[中国-上海-上海-金山区](/map/ip?ip=222.69.80.229)",
		"行为位置": "上海-金山区",
		"真人概率": "83%"
	},
	"",
	"* About to connect() to baidu.com port 80 (#0)",
	"*   Trying 111.13.101.208...",
	"* Connected to baidu.com (111.13.101.208) port 80 (#0)",
	"> GET / HTTP/1.1",
	"> User-Agent: curl/7.29.0",
	"> Host: baidu.com",
	"> Accept: */*",
	"> ",
	"< HTTP/1.1 200 OK",
	"< Date: Thu, 02 Jun 2016 03:17:08 GMT",
	"< Server: Apache",
	"< Last-Modified: Tue, 12 Jan 2010 13:48:00 GMT",
	"< ETag: \"51-47cf7e6ee8400\"",
	"< Accept-Ranges: bytes",
	"< Content-Length: 81",
	"< Cache-Control: max-age=86400",
	"< Expires: Fri, 03 Jun 2016 03:17:08 GMT",
	"< Connection: Keep-Alive",
	"< Content-Type: text/html",
	"< ",
	"{ [data not shown]",
	"* Connection #0 to host baidu.com left intact",
	"s3",
	"Thu Jun  2 11:16:52 CST 2016",
	"<html>",
	"<meta http-equiv=\"refresh\" content=\"0;url=http://www.baidu.com/\">",
	"</html>",
	{
		"网络属性": "专用出口",
		"时间": "2016-06-02T11:17:08+0800",
		"运营商": "电信",
		"IP": "114.82.121.255",
		"网络位置": "[中国-上海-上海-金山区](/map/ip?ip=114.82.121.255)",
		"行为位置": "上海-金山区",
		"真人概率": "63%"
	},
	"",
	"* About to connect() to baidu.com port 80 (#0)",
	"*   Trying 123.125.114.144...",
	"* Connected to baidu.com (123.125.114.144) port 80 (#0)",
	"> GET / HTTP/1.1",
	"> User-Agent: curl/7.29.0",
	"> Host: baidu.com",
	"> Accept: */*",
	"> ",
	"< HTTP/1.1 200 OK",
	"< Date: Thu, 02 Jun 2016 03:17:08 GMT",
	"< Server: Apache",
	"< Last-Modified: Tue, 12 Jan 2010 13:48:00 GMT",
	"< ETag: \"51-47cf7e6ee8400\"",
	"< Accept-Ranges: bytes",
	"< Content-Length: 81",
	"< Cache-Control: max-age=86400",
	"< Expires: Fri, 03 Jun 2016 03:17:08 GMT",
	"< Connection: Keep-Alive",
	"< Content-Type: text/html",
	"< ",
	"{ [data not shown]",
	"* Connection #0 to host baidu.com left intact",
	"s8",
	"Thu Jun  2 11:16:52 CST 2016",
	"<html>",
	"<meta http-equiv=\"refresh\" content=\"0;url=http://www.baidu.com/\">",
	"</html>",
	{
		"网络属性": "普通宽带",
		"时间": "2016-06-02T11:17:08+0800",
		"运营商": "电信",
		"IP": "114.89.115.206",
		"网络位置": "[中国-上海-上海-金山区](/map/ip?ip=114.89.115.206)",
		"行为位置": "上海-金山区",
		"真人概率": "47%"
	},
	"",
	"* About to connect() to baidu.com port 80 (#0)",
	"*   Trying 180.149.132.47...",
	"* Connected to baidu.com (180.149.132.47) port 80 (#0)",
	"> GET / HTTP/1.1",
	"> User-Agent: curl/7.29.0",
	"> Host: baidu.com",
	"> Accept: */*",
	"> ",
	"< HTTP/1.1 200 OK",
	"< Date: Thu, 02 Jun 2016 03:17:08 GMT",
	"< Server: Apache",
	"< Last-Modified: Tue, 12 Jan 2010 13:48:00 GMT",
	"< ETag: \"51-47cf7e6ee8400\"",
	"< Accept-Ranges: bytes",
	"< Content-Length: 81",
	"< Cache-Control: max-age=86400",
	"< Expires: Fri, 03 Jun 2016 03:17:08 GMT",
	"< Connection: Keep-Alive",
	"< Content-Type: text/html",
	"< ",
	"{ [data not shown]",
	"* Connection #0 to host baidu.com left intact",
	"s10",
	"Thu Jun  2 11:16:52 CST 2016",
	"<html>",
	"<meta http-equiv=\"refresh\" content=\"0;url=http://www.baidu.com/\">",
	"</html>",
	{
		"网络属性": "普通宽带",
		"时间": "2016-06-02T11:17:08+0800",
		"运营商": "电信",
		"IP": "222.69.98.112",
		"网络位置": "[中国-上海-上海-金山区](/map/ip?ip=222.69.98.112)",
		"行为位置": "上海-金山区",
		"真人概率": "85%"
	},
	"",
	"* About to connect() to baidu.com port 80 (#0)",
	"*   Trying 220.181.57.217...",
	"* Connected to baidu.com (220.181.57.217) port 80 (#0)",
	"> GET / HTTP/1.1",
	"> User-Agent: curl/7.29.0",
	"> Host: baidu.com",
	"> Accept: */*",
	"> ",
	"< HTTP/1.1 200 OK",
	"< Date: Thu, 02 Jun 2016 03:17:08 GMT",
	"< Server: Apache",
	"< Last-Modified: Tue, 12 Jan 2010 13:48:00 GMT",
	"< ETag: \"51-47cf7e6ee8400\"",
	"< Accept-Ranges: bytes",
	"< Content-Length: 81",
	"< Cache-Control: max-age=86400",
	"< Expires: Fri, 03 Jun 2016 03:17:08 GMT",
	"< Connection: Keep-Alive",
	"< Content-Type: text/html",
	"< ",
	"{ [data not shown]",
	"* Connection #0 to host baidu.com left intact",
	"s9",
	"Thu Jun  2 11:16:52 CST 2016",
	"<html>",
	"<meta http-equiv=\"refresh\" content=\"0;url=http://www.baidu.com/\">",
	"</html>",
	{
		"网络属性": "普通宽带",
		"时间": "2016-06-02T11:17:08+0800",
		"运营商": "电信",
		"IP": "114.89.115.206",
		"网络位置": "[中国-上海-上海-金山区](/map/ip?ip=114.89.115.206)",
		"行为位置": "上海-金山区",
		"真人概率": "47%"
	},
	"",
	"* About to connect() to baidu.com port 80 (#0)",
	"*   Trying 123.125.114.144...",
	"* Connected to baidu.com (123.125.114.144) port 80 (#0)",
	"> GET / HTTP/1.1",
	"> User-Agent: curl/7.29.0",
	"> Host: baidu.com",
	"> Accept: */*",
	"> ",
	"< HTTP/1.1 200 OK",
	"< Date: Thu, 02 Jun 2016 03:17:08 GMT",
	"< Server: Apache",
	"< Last-Modified: Tue, 12 Jan 2010 13:48:00 GMT",
	"< ETag: \"51-47cf7e6ee8400\"",
	"< Accept-Ranges: bytes",
	"< Content-Length: 81",
	"< Cache-Control: max-age=86400",
	"< Expires: Fri, 03 Jun 2016 03:17:08 GMT",
	"< Connection: Keep-Alive",
	"< Content-Type: text/html",
	"< ",
	"{ [data not shown]",
	"* Connection #0 to host baidu.com left intact",
	"s7",
	"Thu Jun  2 11:16:52 CST 2016",
	"<html>",
	"<meta http-equiv=\"refresh\" content=\"0;url=http://www.baidu.com/\">",
	"</html>",
	{
		"网络属性": "普通宽带",
		"时间": "2016-06-02T11:17:08+0800",
		"运营商": "电信",
		"IP": "222.69.123.143",
		"网络位置": "[中国-上海-上海-金山区](/map/ip?ip=222.69.123.143)",
		"行为位置": "上海-金山区",
		"真人概率": "53%"
	},
	"",
	"* About to connect() to baidu.com port 80 (#0)",
	"*   Trying 123.125.114.144...",
	"* Connected to baidu.com (123.125.114.144) port 80 (#0)",
	"> GET / HTTP/1.1",
	"> User-Agent: curl/7.29.0",
	"> Host: baidu.com",
	"> Accept: */*",
	"> ",
	"< HTTP/1.1 200 OK",
	"< Date: Thu, 02 Jun 2016 03:17:08 GMT",
	"< Server: Apache",
	"< Last-Modified: Tue, 12 Jan 2010 13:48:00 GMT",
	"< ETag: \"51-47cf7e6ee8400\"",
	"< Accept-Ranges: bytes",
	"< Content-Length: 81",
	"< Cache-Control: max-age=86400",
	"< Expires: Fri, 03 Jun 2016 03:17:08 GMT",
	"< Connection: Keep-Alive",
	"< Content-Type: text/html",
	"< ",
	"{ [data not shown]",
	"* Connection #0 to host baidu.com left intact",
	"s2",
	"Thu Jun  2 11:16:52 CST 2016",
	"<html>",
	"<meta http-equiv=\"refresh\" content=\"0;url=http://www.baidu.com/\">",
	"</html>",
	{
		"网络属性": "普通宽带",
		"时间": "2016-06-02T11:17:08+0800",
		"运营商": "电信",
		"IP": "114.82.132.243",
		"网络位置": "[中国-上海-上海-金山区](/map/ip?ip=114.82.132.243)",
		"行为位置": "上海-金山区",
		"真人概率": "77%"
	},
	"",
	"* About to connect() to baidu.com port 80 (#0)",
	"*   Trying 123.125.114.144...",
	"* Connected to baidu.com (123.125.114.144) port 80 (#0)",
	"> GET / HTTP/1.1",
	"> User-Agent: curl/7.29.0",
	"> Host: baidu.com",
	"> Accept: */*",
	"> ",
	"< HTTP/1.1 200 OK",
	"< Date: Thu, 02 Jun 2016 03:17:08 GMT",
	"< Server: Apache",
	"< Last-Modified: Tue, 12 Jan 2010 13:48:00 GMT",
	"< ETag: \"51-47cf7e6ee8400\"",
	"< Accept-Ranges: bytes",
	"< Content-Length: 81",
	"< Cache-Control: max-age=86400",
	"< Expires: Fri, 03 Jun 2016 03:17:08 GMT",
	"< Connection: Keep-Alive",
	"< Content-Type: text/html",
	"< ",
	"{ [data not shown]",
	"* Connection #0 to host baidu.com left intact",
	"s6",
	"Thu Jun  2 11:16:52 CST 2016",
	"<html>",
	"<meta http-equiv=\"refresh\" content=\"0;url=http://www.baidu.com/\">",
	"</html>",
	{
		"网络属性": "普通宽带",
		"时间": "2016-06-02T11:17:08+0800",
		"运营商": "电信",
		"IP": "114.89.115.144",
		"网络位置": "[中国-上海-上海-金山区](/map/ip?ip=114.89.115.144)",
		"行为位置": "上海-金山区",
		"真人概率": "90%"
	},
	"",
	"* About to connect() to baidu.com port 80 (#0)",
	"*   Trying 220.181.57.217...",
	"* Connected to baidu.com (220.181.57.217) port 80 (#0)",
	"> GET / HTTP/1.1",
	"> User-Agent: curl/7.29.0",
	"> Host: baidu.com",
	"> Accept: */*",
	"> ",
	"< HTTP/1.1 200 OK",
	"< Date: Thu, 02 Jun 2016 03:17:08 GMT",
	"< Server: Apache",
	"< Last-Modified: Tue, 12 Jan 2010 13:48:00 GMT",
	"< ETag: \"51-47cf7e6ee8400\"",
	"< Accept-Ranges: bytes",
	"< Content-Length: 81",
	"< Cache-Control: max-age=86400",
	"< Expires: Fri, 03 Jun 2016 03:17:08 GMT",
	"< Connection: Keep-Alive",
	"< Content-Type: text/html",
	"< ",
	"{ [data not shown]",
	"* Connection #0 to host baidu.com left intact",
	"s5",
	"Thu Jun  2 11:16:52 CST 2016",
	"<html>",
	"<meta http-equiv=\"refresh\" content=\"0;url=http://www.baidu.com/\">",
	"</html>",
	{
		"网络属性": "普通宽带",
		"时间": "2016-06-02T11:17:08+0800",
		"运营商": "电信",
		"IP": "61.173.247.120",
		"网络位置": "[中国-上海-上海-金山区](/map/ip?ip=61.173.247.120)",
		"行为位置": "上海-金山区",
		"真人概率": "53%"
	},
	"",
	"* About to connect() to baidu.com port 80 (#0)",
	"*   Trying 180.149.132.47...",
	"* Connected to baidu.com (180.149.132.47) port 80 (#0)",
	"> GET / HTTP/1.1",
	"> User-Agent: curl/7.29.0",
	"> Host: baidu.com",
	"> Accept: */*",
	"> ",
	"< HTTP/1.1 200 OK",
	"< Date: Thu, 02 Jun 2016 03:17:08 GMT",
	"< Server: Apache",
	"< Last-Modified: Tue, 12 Jan 2010 13:48:00 GMT",
	"< ETag: \"51-47cf7e6ee8400\"",
	"< Accept-Ranges: bytes",
	"< Content-Length: 81",
	"< Cache-Control: max-age=86400",
	"< Expires: Fri, 03 Jun 2016 03:17:08 GMT",
	"< Connection: Keep-Alive",
	"< Content-Type: text/html",
	"< ",
	"{ [data not shown]",
	"* Connection #0 to host baidu.com left intact",
	"s1",
	"Thu Jun  2 11:16:52 CST 2016",
	"<html>",
	"<meta http-equiv=\"refresh\" content=\"0;url=http://www.baidu.com/\">",
	"</html>",
	{
		"网络属性": "普通宽带",
		"时间": "2016-06-02T11:17:08+0800",
		"运营商": "电信",
		"IP": "114.89.115.144",
		"网络位置": "[中国-上海-上海-金山区](/map/ip?ip=114.89.115.144)",
		"行为位置": "上海-金山区",
		"真人概率": "90%"
	},
	"",
	"* About to connect() to baidu.com port 80 (#0)",
	"*   Trying 111.13.101.208...",
	"* Connected to baidu.com (111.13.101.208) port 80 (#0)",
	"> GET / HTTP/1.1",
	"> User-Agent: curl/7.29.0",
	"> Host: baidu.com",
	"> Accept: */*",
	"> ",
	"< HTTP/1.1 200 OK",
	"< Date: Thu, 02 Jun 2016 03:17:08 GMT",
	"< Server: Apache",
	"< Last-Modified: Tue, 12 Jan 2010 13:48:00 GMT",
	"< ETag: \"51-47cf7e6ee8400\"",
	"< Accept-Ranges: bytes",
	"< Content-Length: 81",
	"< Cache-Control: max-age=86400",
	"< Expires: Fri, 03 Jun 2016 03:17:08 GMT",
	"< Connection: Keep-Alive",
	"< Content-Type: text/html",
	"< ",
	"{ [data not shown]",
	"* Connection #0 to host baidu.com left intact"
]
