[
	" s10",
	"2016年 05月 31日 星期二 17:23:07 CST",
	"* About to connect() to baidu.com port 80 (#0)",
	"*   Trying 220.181.57.217...",
	"* Connected to baidu.com (220.181.57.217) port 80 (#0)",
	"> GET / HTTP/1.1",
	"> User-Agent: curl/7.29.0",
	"> Host: baidu.com",
	"> Accept: */*",
	"> ",
	"< HTTP/1.1 200 OK",
	"< Date: Tue, 31 May 2016 09:23:22 GMT",
	"< Server: Apache",
	"< Last-Modified: Tue, 12 Jan 2010 13:48:00 GMT",
	"< ETag: \"51-47cf7e6ee8400\"",
	"< Accept-Ranges: bytes",
	"< Content-Length: 81",
	"< Cache-Control: max-age=86400",
	"< Expires: Wed, 01 Jun 2016 09:23:22 GMT",
	"< Connection: Keep-Alive",
	"< Content-Type: text/html",
	"< ",
	"{ [data not shown]",
	"* Connection #0 to host baidu.com left intact",
	"<html>",
	"<meta http-equiv=\"refresh\" content=\"0;url=http://www.baidu.com/\">",
	"</html>",
	{
		"网络属性": "",
		"时间": "2016-05-31T17:23:22+0800",
		"运营商": "",
		"IP": "",
		"网络位置": "",
		"行为位置": "",
		"真人概率": ""
	},
	"",
	"s9",
	"2016年 05月 31日 星期二 17:23:36 CST",
	"* About to connect() to baidu.com port 80 (#0)",
	"*   Trying 180.149.132.47...",
	"* Connected to baidu.com (180.149.132.47) port 80 (#0)",
	"> GET / HTTP/1.1",
	"> User-Agent: curl/7.29.0",
	"> Host: baidu.com",
	"> Accept: */*",
	"> ",
	"< HTTP/1.1 200 OK",
	"< Date: Tue, 31 May 2016 09:23:36 GMT",
	"< Server: Apache",
	"< Last-Modified: Tue, 12 Jan 2010 13:48:00 GMT",
	"< ETag: \"51-47cf7e6ee8400\"",
	"< Accept-Ranges: bytes",
	"< Content-Length: 81",
	"< Cache-Control: max-age=86400",
	"< Expires: Wed, 01 Jun 2016 09:23:36 GMT",
	"< Connection: Keep-Alive",
	"< Content-Type: text/html",
	"< ",
	"{ [data not shown]",
	"* Connection #0 to host baidu.com left intact",
	"<html>",
	"<meta http-equiv=\"refresh\" content=\"0;url=http://www.baidu.com/\">",
	"</html>",
	{
		"网络属性": "数据中心",
		"时间": "2016-05-31T17:23:36+0800",
		"运营商": "电信",
		"IP": "123.59.77.204",
		"网络位置": "[中国-北京-北京](/map/ip?ip=123.59.77.204)",
		"行为位置": "",
		"真人概率": "9%"
	},
	"",
	"s8",
	"2016年 05月 31日 星期二 17:23:37 CST",
	"* About to connect() to baidu.com port 80 (#0)",
	"*   Trying 180.149.132.47...",
	"* Connected to baidu.com (180.149.132.47) port 80 (#0)",
	"> GET / HTTP/1.1",
	"> User-Agent: curl/7.29.0",
	"> Host: baidu.com",
	"> Accept: */*",
	"> ",
	"< HTTP/1.1 200 OK",
	"< Date: Tue, 31 May 2016 09:23:51 GMT",
	"< Server: Apache",
	"< Last-Modified: Tue, 12 Jan 2010 13:48:00 GMT",
	"< ETag: \"51-47cf7e6ee8400\"",
	"< Accept-Ranges: bytes",
	"< Content-Length: 81",
	"< Cache-Control: max-age=86400",
	"< Expires: Wed, 01 Jun 2016 09:23:51 GMT",
	"< Connection: Keep-Alive",
	"< Content-Type: text/html",
	"< ",
	"{ [data not shown]",
	"* Connection #0 to host baidu.com left intact",
	"<html>",
	"<meta http-equiv=\"refresh\" content=\"0;url=http://www.baidu.com/\">",
	"</html>",
	{
		"网络属性": "",
		"时间": "2016-05-31T17:23:51+0800",
		"运营商": "",
		"IP": "",
		"网络位置": "",
		"行为位置": "",
		"真人概率": ""
	},
	"",
	"s7",
	"2016年 05月 31日 星期二 17:24:06 CST",
	"* About to connect() to baidu.com port 80 (#0)",
	"*   Trying 111.13.101.208...",
	"* Connected to baidu.com (111.13.101.208) port 80 (#0)",
	"> GET / HTTP/1.1",
	"> User-Agent: curl/7.29.0",
	"> Host: baidu.com",
	"> Accept: */*",
	"> ",
	"< HTTP/1.1 200 OK",
	"< Date: Tue, 31 May 2016 09:24:20 GMT",
	"< Server: Apache",
	"< Last-Modified: Tue, 12 Jan 2010 13:48:00 GMT",
	"< ETag: \"51-47cf7e6ee8400\"",
	"< Accept-Ranges: bytes",
	"< Content-Length: 81",
	"< Cache-Control: max-age=86400",
	"< Expires: Wed, 01 Jun 2016 09:24:20 GMT",
	"< Connection: Keep-Alive",
	"< Content-Type: text/html",
	"< ",
	"{ [data not shown]",
	"* Connection #0 to host baidu.com left intact",
	"<html>",
	"<meta http-equiv=\"refresh\" content=\"0;url=http://www.baidu.com/\">",
	"</html>",
	{
		"网络属性": "",
		"时间": "2016-05-31T17:24:21+0800",
		"运营商": "",
		"IP": "",
		"网络位置": "",
		"行为位置": "",
		"真人概率": ""
	},
	"",
	"s6",
	"2016年 05月 31日 星期二 17:24:35 CST",
	"* About to connect() to baidu.com port 80 (#0)",
	"*   Trying 180.149.132.47...",
	"* Connected to baidu.com (180.149.132.47) port 80 (#0)",
	"> GET / HTTP/1.1",
	"> User-Agent: curl/7.29.0",
	"> Host: baidu.com",
	"> Accept: */*",
	"> ",
	"< HTTP/1.1 200 OK",
	"< Date: Tue, 31 May 2016 09:24:49 GMT",
	"< Server: Apache",
	"< Last-Modified: Tue, 12 Jan 2010 13:48:00 GMT",
	"< ETag: \"51-47cf7e6ee8400\"",
	"< Accept-Ranges: bytes",
	"< Content-Length: 81",
	"< Cache-Control: max-age=86400",
	"< Expires: Wed, 01 Jun 2016 09:24:49 GMT",
	"< Connection: Keep-Alive",
	"< Content-Type: text/html",
	"< ",
	"{ [data not shown]",
	"* Connection #0 to host baidu.com left intact",
	"<html>",
	"<meta http-equiv=\"refresh\" content=\"0;url=http://www.baidu.com/\">",
	"</html>",
	{
		"网络属性": "",
		"时间": "2016-05-31T17:24:50+0800",
		"运营商": "",
		"IP": "",
		"网络位置": "",
		"行为位置": "",
		"真人概率": ""
	},
	"",
	"s5",
	"2016年 05月 31日 星期二 17:25:04 CST",
	"* About to connect() to baidu.com port 80 (#0)",
	"*   Trying 111.13.101.208...",
	"* Connected to baidu.com (111.13.101.208) port 80 (#0)",
	"> GET / HTTP/1.1",
	"> User-Agent: curl/7.29.0",
	"> Host: baidu.com",
	"> Accept: */*",
	"> ",
	"< HTTP/1.1 200 OK",
	"< Date: Tue, 31 May 2016 09:25:18 GMT",
	"< Server: Apache",
	"< Last-Modified: Tue, 12 Jan 2010 13:48:00 GMT",
	"< ETag: \"51-47cf7e6ee8400\"",
	"< Accept-Ranges: bytes",
	"< Content-Length: 81",
	"< Cache-Control: max-age=86400",
	"< Expires: Wed, 01 Jun 2016 09:25:18 GMT",
	"< Connection: Keep-Alive",
	"< Content-Type: text/html",
	"< ",
	"{ [data not shown]",
	"* Connection #0 to host baidu.com left intact",
	"<html>",
	"<meta http-equiv=\"refresh\" content=\"0;url=http://www.baidu.com/\">",
	"</html>",
	{
		"网络属性": "",
		"时间": "2016-05-31T17:25:18+0800",
		"运营商": "",
		"IP": "",
		"网络位置": "",
		"行为位置": "",
		"真人概率": ""
	},
	"",
	"s4",
	"2016年 05月 31日 星期二 17:25:33 CST",
	"* About to connect() to baidu.com port 80 (#0)",
	"*   Trying 123.125.114.144...",
	"* Connected to baidu.com (123.125.114.144) port 80 (#0)",
	"> GET / HTTP/1.1",
	"> User-Agent: curl/7.29.0",
	"> Host: baidu.com",
	"> Accept: */*",
	"> ",
	"< HTTP/1.1 200 OK",
	"< Date: Tue, 31 May 2016 09:25:47 GMT",
	"< Server: Apache",
	"< Last-Modified: Tue, 12 Jan 2010 13:48:00 GMT",
	"< ETag: \"51-47cf7e6ee8400\"",
	"< Accept-Ranges: bytes",
	"< Content-Length: 81",
	"< Cache-Control: max-age=86400",
	"< Expires: Wed, 01 Jun 2016 09:25:47 GMT",
	"< Connection: Keep-Alive",
	"< Content-Type: text/html",
	"< ",
	"{ [data not shown]",
	"* Connection #0 to host baidu.com left intact",
	"<html>",
	"<meta http-equiv=\"refresh\" content=\"0;url=http://www.baidu.com/\">",
	"</html>",
	{
		"网络属性": "",
		"时间": "2016-05-31T17:25:47+0800",
		"运营商": "",
		"IP": "",
		"网络位置": "",
		"行为位置": "",
		"真人概率": ""
	},
	"",
	"s3",
	"2016年 05月 31日 星期二 17:26:02 CST",
	"* About to connect() to baidu.com port 80 (#0)",
	"*   Trying 220.181.57.217...",
	"* Connected to baidu.com (220.181.57.217) port 80 (#0)",
	"> GET / HTTP/1.1",
	"> User-Agent: curl/7.29.0",
	"> Host: baidu.com",
	"> Accept: */*",
	"> ",
	"< HTTP/1.1 200 OK",
	"< Date: Tue, 31 May 2016 09:26:16 GMT",
	"< Server: Apache",
	"< Last-Modified: Tue, 12 Jan 2010 13:48:00 GMT",
	"< ETag: \"51-47cf7e6ee8400\"",
	"< Accept-Ranges: bytes",
	"< Content-Length: 81",
	"< Cache-Control: max-age=86400",
	"< Expires: Wed, 01 Jun 2016 09:26:16 GMT",
	"< Connection: Keep-Alive",
	"< Content-Type: text/html",
	"< ",
	"{ [data not shown]",
	"* Connection #0 to host baidu.com left intact",
	"<html>",
	"<meta http-equiv=\"refresh\" content=\"0;url=http://www.baidu.com/\">",
	"</html>",
	{
		"网络属性": "",
		"时间": "2016-05-31T17:26:16+0800",
		"运营商": "",
		"IP": "",
		"网络位置": "",
		"行为位置": "",
		"真人概率": ""
	},
	"",
	"s2",
	"2016年 05月 31日 星期二 17:26:31 CST",
	"* About to connect() to baidu.com port 80 (#0)",
	"*   Trying 123.125.114.144...",
	"* Connected to baidu.com (123.125.114.144) port 80 (#0)",
	"> GET / HTTP/1.1",
	"> User-Agent: curl/7.29.0",
	"> Host: baidu.com",
	"> Accept: */*",
	"> ",
	"< HTTP/1.1 200 OK",
	"< Date: Tue, 31 May 2016 09:26:45 GMT",
	"< Server: Apache",
	"< Last-Modified: Tue, 12 Jan 2010 13:48:00 GMT",
	"< ETag: \"51-47cf7e6ee8400\"",
	"< Accept-Ranges: bytes",
	"< Content-Length: 81",
	"< Cache-Control: max-age=86400",
	"< Expires: Wed, 01 Jun 2016 09:26:45 GMT",
	"< Connection: Keep-Alive",
	"< Content-Type: text/html",
	"< ",
	"{ [data not shown]",
	"* Connection #0 to host baidu.com left intact",
	"<html>",
	"<meta http-equiv=\"refresh\" content=\"0;url=http://www.baidu.com/\">",
	"</html>",
	{
		"网络属性": "",
		"时间": "2016-05-31T17:26:45+0800",
		"运营商": "",
		"IP": "",
		"网络位置": "",
		"行为位置": "",
		"真人概率": ""
	},
	"",
	"s1",
	"2016年 05月 31日 星期二 17:27:00 CST",
	"* About to connect() to baidu.com port 80 (#0)",
	"*   Trying 180.149.132.47...",
	"* Connected to baidu.com (180.149.132.47) port 80 (#0)",
	"> GET / HTTP/1.1",
	"> User-Agent: curl/7.29.0",
	"> Host: baidu.com",
	"> Accept: */*",
	"> ",
	"< HTTP/1.1 200 OK",
	"< Date: Tue, 31 May 2016 09:27:14 GMT",
	"< Server: Apache",
	"< Last-Modified: Tue, 12 Jan 2010 13:48:00 GMT",
	"< ETag: \"51-47cf7e6ee8400\"",
	"< Accept-Ranges: bytes",
	"< Content-Length: 81",
	"< Cache-Control: max-age=86400",
	"< Expires: Wed, 01 Jun 2016 09:27:14 GMT",
	"< Connection: Keep-Alive",
	"< Content-Type: text/html",
	"< ",
	"{ [data not shown]",
	"* Connection #0 to host baidu.com left intact",
	"<html>",
	"<meta http-equiv=\"refresh\" content=\"0;url=http://www.baidu.com/\">",
	"</html>",
	{
		"网络属性": "",
		"时间": "2016-05-31T17:27:14+0800",
		"运营商": "",
		"IP": "",
		"网络位置": "",
		"行为位置": "",
		"真人概率": ""
	},
	""
]
